


ARM Macro Assembler    Page 1 


    1 00000000                 AREA             PROGRAM, CODE, READONLY
    2 00000000         Entry
    3 00000000         MAIN
    4 00000000 E59F1008        LDR              R1,value
    5 00000004 E1E02001        MVN              R2,R1
    6 00000008 E58F2004        STR              R2,result
    7 0000000C EF000011        SWI              &11
    8 00000010         
    9 00000010                 AREA             PROGRAM, DATA, READONLY
   10 00000010 00000001 
                       value   DCD              &00000001
   11 00000014 00000000 
                       result  DCD              &00000000
   12 00000018                 END
Command Line: --debug --xref --diag_suppress=9931 --bi --apcs=interwork --depen
d=.\objects\onescompliment.d -o.\objects\onescompliment.o -IC:\Keil_v5\ARM\RV31
\INC -IC:\Keil_v5\ARM\CMSIS\Include --predefine="__EVAL SETA 1" --predefine="__
UVISION_VERSION SETA 525" --list=.\listings\onescompliment.lst onesCompliment.a
sm



ARM Macro Assembler    Page 1 Alphabetic symbol ordering
Relocatable symbols

Entry 00000000

Symbol: Entry
   Definitions
      At line 2 in file onesCompliment.asm
   Uses
      None
Comment: Entry unused
MAIN 00000000

Symbol: MAIN
   Definitions
      At line 3 in file onesCompliment.asm
   Uses
      None
Comment: MAIN unused
PROGRAM 00000000

Symbol: PROGRAM
   Definitions
      At line 1 in file onesCompliment.asm
   Uses
      None
Comment: PROGRAM unused
result 00000014

Symbol: result
   Definitions
      At line 11 in file onesCompliment.asm
   Uses
      At line 6 in file onesCompliment.asm
Comment: result used once
value 00000010

Symbol: value
   Definitions
      At line 10 in file onesCompliment.asm
   Uses
      At line 4 in file onesCompliment.asm
Comment: value used once
5 symbols
337 symbols in table
