


ARM Macro Assembler    Page 1 


    1 00000000                 AREA             Program, CODE, READONLY
    2 00000000         ENTRY
    3 00000000 E59F0038        LDR              R0, rv
    4 00000004 E59F1038        LDR              R1, av
    5 00000008 E59F2038        LDR              R2, bv
    6 0000000C E59F3038        LDR              R3, cv
    7 00000010 E0040391        MUL              R4, R1, R3
    8 00000014 E1A040C4        MOV              R4, R4, ASR #1
    9 00000018 E0844000        ADD              R4, R4, R0  ; X value
   10 0000001C E0050292        MUL              R5, R2, R2
   11 00000020 E0060195        MUL              R6, R5, R1
   12 00000024 E2866005        ADD              R6, R6, #5  ; Y value
   13 00000028 E0817002        ADD              R7, R1, R2
   14 0000002C E1A07107        MOV              R7, R7, LSL #2
   15 00000030 E1A08003        MOV              R8, R3
   16 00000034 E1A08088        MOV              R8, R8, LSL #1
   17 00000038 E0877008        ADD              R7, R7, R8
   18 0000003C E2877004        ADD              R7, R7, #4  ; Z value
   19 00000040                 AREA             Program, DATA, READONLY
   20 00000040 00000001 
                       rv      DCD              &00000001
   21 00000044 00000002 
                       av      DCD              &00000002
   22 00000048 00000002 
                       bv      DCD              &00000002
   23 0000004C 00000003 
                       cv      DCD              &00000003
   24 00000050                 END
Command Line: --debug --xref --diag_suppress=9931 --bi --apcs=interwork --depen
d=.\objects\q1.d -o.\objects\q1.o -IC:\Keil_v5\ARM\RV31\INC -IC:\Keil_v5\ARM\CM
SIS\Include --predefine="__EVAL SETA 1" --predefine="__UVISION_VERSION SETA 525
" --list=.\listings\q1.lst Q1.asm



ARM Macro Assembler    Page 1 Alphabetic symbol ordering
Relocatable symbols

ENTRY 00000000

Symbol: ENTRY
   Definitions
      At line 2 in file Q1.asm
   Uses
      None
Comment: ENTRY unused
Program 00000000

Symbol: Program
   Definitions
      At line 1 in file Q1.asm
   Uses
      None
Comment: Program unused
av 00000044

Symbol: av
   Definitions
      At line 21 in file Q1.asm
   Uses
      At line 4 in file Q1.asm
Comment: av used once
bv 00000048

Symbol: bv
   Definitions
      At line 22 in file Q1.asm
   Uses
      At line 5 in file Q1.asm
Comment: bv used once
cv 0000004C

Symbol: cv
   Definitions
      At line 23 in file Q1.asm
   Uses
      At line 6 in file Q1.asm
Comment: cv used once
rv 00000040

Symbol: rv
   Definitions
      At line 20 in file Q1.asm
   Uses
      At line 3 in file Q1.asm
Comment: rv used once
6 symbols
338 symbols in table
