


ARM Macro Assembler    Page 1 


    1 00000000                 AREA             program,CODE,READONLY
    2 00000000         ENTRY
    3 00000000 E3A01001        MOV              r1,#1
    4 00000004 E3A02002        MOV              r2,#2
    5 00000008 E3A03003        MOV              r3,#3
    6 0000000C E3A04004        MOV              r4,#4
    7 00000010 E0815002        ADD              r5,r1,r2
    8 00000014 E0080495        MUL              r8,r5,r4
    9 00000018 E0070293        MUL              r7,r3,r2
   10 0000001C E0888007        ADD              r8,r8,r7
   11 00000020 E2880004        ADD              r0,r8,#4
   12 00000024                 AREA             program,CODE,READONLY
   13 00000024                 END
Command Line: --debug --xref --diag_suppress=9931 --bi --apcs=interwork --depen
d=.\objects\q3_2.d -o.\objects\q3_2.o -IC:\Keil_v5\ARM\RV31\INC -IC:\Keil_v5\AR
M\CMSIS\Include --predefine="__EVAL SETA 1" --predefine="__UVISION_VERSION SETA
 525" --list=.\listings\q3_2.lst q3_2.asm



ARM Macro Assembler    Page 1 Alphabetic symbol ordering
Relocatable symbols

ENTRY 00000000

Symbol: ENTRY
   Definitions
      At line 2 in file q3_2.asm
   Uses
      None
Comment: ENTRY unused
program 00000000

Symbol: program
   Definitions
      At line 1 in file q3_2.asm
   Uses
      None
Comment: program unused
2 symbols
334 symbols in table
