


ARM Macro Assembler    Page 1 


    1 00000000                 AREA             Program, CODE, READONLY
    2 00000000         ENTRY
    3 00000000 E5DF102C        LDRB             R1, zchar
    4 00000004 E5DF2029        LDRB             R2, achar
    5 00000008 E5DF3026        LDRB             R3, gchar
    6 0000000C E5DF4023        LDRB             R4, tchar
    7 00000010 E5DF5020        LDRB             R5, uchar
    8 00000014 E59F0014        LDR              R0, =string
    9 00000018 E3A07000        LDR              R7, =0
   10 0000001C         LOOP
   11 0000001C E4D06001        LDRB             R6, [R0], #0x01
   12 00000020 E3560065        CMP              R6,"e"
   13 00000024 02877001        ADDEQ            R7, R7, #0x01
   14 00000028 E3560000        CMP              R6, #0x00
   15 0000002C 1AFFFFFA        BNE              LOOP
   16 00000030         
   17 00000030 00000000        AREA             Program, DATA, READONLY
   18 00000034 5A      zchar   DCB              'Z'
   19 00000035 41      achar   DCB              'A'
   20 00000036 47      gchar   DCB              'G'
   21 00000037 54      tchar   DCB              'T'
   22 00000038 55      uchar   DCB              'U'
   23 00000039 45 6E 67 
              69 6E 65 
              65 72 69 
              6E 67    string  DCB              "Engineering"
   24 00000044                 END
Command Line: --debug --xref --diag_suppress=9931 --bi --apcs=interwork --depen
d=.\objects\q4.d -o.\objects\q4.o -IC:\Keil_v5\ARM\RV31\INC -IC:\Keil_v5\ARM\CM
SIS\Include --predefine="__EVAL SETA 1" --predefine="__UVISION_VERSION SETA 525
" --list=.\listings\q4.lst Q4.asm



ARM Macro Assembler    Page 1 Alphabetic symbol ordering
Relocatable symbols

ENTRY 00000000

Symbol: ENTRY
   Definitions
      At line 2 in file Q4.asm
   Uses
      None
Comment: ENTRY unused
LOOP 0000001C

Symbol: LOOP
   Definitions
      At line 10 in file Q4.asm
   Uses
      At line 15 in file Q4.asm
Comment: LOOP used once
Program 00000000

Symbol: Program
   Definitions
      At line 1 in file Q4.asm
   Uses
      None
Comment: Program unused
achar 00000035

Symbol: achar
   Definitions
      At line 19 in file Q4.asm
   Uses
      At line 4 in file Q4.asm
Comment: achar used once
gchar 00000036

Symbol: gchar
   Definitions
      At line 20 in file Q4.asm
   Uses
      At line 5 in file Q4.asm
Comment: gchar used once
string 00000039

Symbol: string
   Definitions
      At line 23 in file Q4.asm
   Uses
      At line 8 in file Q4.asm
Comment: string used once
tchar 00000037

Symbol: tchar
   Definitions
      At line 21 in file Q4.asm
   Uses
      At line 6 in file Q4.asm
Comment: tchar used once
uchar 00000038

Symbol: uchar



ARM Macro Assembler    Page 2 Alphabetic symbol ordering
Relocatable symbols

   Definitions
      At line 22 in file Q4.asm
   Uses
      At line 7 in file Q4.asm
Comment: uchar used once
zchar 00000034

Symbol: zchar
   Definitions
      At line 18 in file Q4.asm
   Uses
      At line 3 in file Q4.asm
Comment: zchar used once
9 symbols
343 symbols in table
