


ARM Macro Assembler    Page 1 


    1 00000000                 area             program,code,readonly
    2 00000000         entry
    3 00000000 E5DF1018        ldrb             R1,bin1
    4 00000004 E5DF2015        ldrb             R2,bin2
    5 00000008 E0823001        add              R3,R2,R1
    6 0000000C E58F3010        str              R3,sum_bin
    7 00000010 E5DF400A        ldrb             R4,oct1
    8 00000014 E5DF5007        ldrb             R5,oct2
    9 00000018 E0846005        add              R6,R4,R5
   10 0000001C E58F3004        str              R3,sum_oct
   11 00000020                 area             program,data,readonly
   12 00000020 B5      bin1    dcb              2_10110101
   13 00000021 B0      bin2    dcb              2_10110000
   14 00000022 0A      oct1    dcb              8_12
   15 00000023 2C      oct2    dcb              8_54
   16 00000024 00000000 
                       sum_bin dcd              &0
   17 00000028 00000000 
                       sum_oct dcd              &0
   18 0000002C                 end
Command Line: --debug --xref --diag_suppress=9931 --bi --apcs=interwork --depen
d=.\objects\ques6_exer3.d -o.\objects\ques6_exer3.o -IC:\Keil_v5\ARM\RV31\INC -
IC:\Keil_v5\ARM\CMSIS\Include --predefine="__EVAL SETA 1" --predefine="__UVISIO
N_VERSION SETA 525" --list=.\listings\ques6_exer3.lst Ques6_exer3.s



ARM Macro Assembler    Page 1 Alphabetic symbol ordering
Relocatable symbols

bin1 00000020

Symbol: bin1
   Definitions
      At line 12 in file Ques6_exer3.s
   Uses
      At line 3 in file Ques6_exer3.s
Comment: bin1 used once
bin2 00000021

Symbol: bin2
   Definitions
      At line 13 in file Ques6_exer3.s
   Uses
      At line 4 in file Ques6_exer3.s
Comment: bin2 used once
entry 00000000

Symbol: entry
   Definitions
      At line 2 in file Ques6_exer3.s
   Uses
      None
Comment: entry unused
oct1 00000022

Symbol: oct1
   Definitions
      At line 14 in file Ques6_exer3.s
   Uses
      At line 7 in file Ques6_exer3.s
Comment: oct1 used once
oct2 00000023

Symbol: oct2
   Definitions
      At line 15 in file Ques6_exer3.s
   Uses
      At line 8 in file Ques6_exer3.s
Comment: oct2 used once
program 00000000

Symbol: program
   Definitions
      At line 1 in file Ques6_exer3.s
   Uses
      None
Comment: program unused
sum_bin 00000024

Symbol: sum_bin
   Definitions
      At line 16 in file Ques6_exer3.s
   Uses
      At line 6 in file Ques6_exer3.s
Comment: sum_bin used once
sum_oct 00000028

Symbol: sum_oct



ARM Macro Assembler    Page 2 Alphabetic symbol ordering
Relocatable symbols

   Definitions
      At line 17 in file Ques6_exer3.s
   Uses
      At line 10 in file Ques6_exer3.s
Comment: sum_oct used once
8 symbols
340 symbols in table
