


ARM Macro Assembler    Page 1 


    1 00000000                 AREA             PROGRAM, CODE, READONLY
    2 00000000         ENTRY
    3 00000000         MAIN
    4 00000000 E3A01002        MOV              R1, #0X002
    5 00000004 E1A00081        MOV              R0, R1, LSL #0X01
    6 00000008 E1A020A1        MOV              R2, R1, LSR #0x01
    7 0000000C EF000011        SWI              &11
    8 00000010                 END
Command Line: --debug --xref --diag_suppress=9931 --bi --apcs=interwork --depen
d=.\objects\shiftleftright.d -o.\objects\shiftleftright.o -IC:\Keil_v5\ARM\RV31
\INC -IC:\Keil_v5\ARM\CMSIS\Include --predefine="__EVAL SETA 1" --predefine="__
UVISION_VERSION SETA 525" --list=.\listings\shiftleftright.lst shiftLeftRight.a
sm



ARM Macro Assembler    Page 1 Alphabetic symbol ordering
Relocatable symbols

ENTRY 00000000

Symbol: ENTRY
   Definitions
      At line 2 in file shiftLeftRight.asm
   Uses
      None
Comment: ENTRY unused
MAIN 00000000

Symbol: MAIN
   Definitions
      At line 3 in file shiftLeftRight.asm
   Uses
      None
Comment: MAIN unused
PROGRAM 00000000

Symbol: PROGRAM
   Definitions
      At line 1 in file shiftLeftRight.asm
   Uses
      None
Comment: PROGRAM unused
3 symbols
335 symbols in table
